<?xml version="1.0" encoding="UTF-8"?>
<testsuite xmlns:xsi="http://www.w3.org/2001/XMLSchema-instance" xsi:noNamespaceSchemaLocation="https://maven.apache.org/surefire/maven-surefire-plugin/xsd/surefire-test-report-3.0.xsd" version="3.0" name="com.example.EurekaServerApplicationTest" time="4.493" tests="1" errors="0" skipped="0" failures="0">
  <properties>
[...]
</properties>
  <testcase name="contextLoads" classname="com.example.EurekaServerApplicationTest" time="0.716">
    <system-out><![CDATA[22:02:27.835 [main] INFO org.springframework.test.context.support.AnnotationConfigContextLoaderUtils -- Could not detect default configuration classes for test class [com.example.EurekaServerApplicationTest]: EurekaServerApplicationTest does not declare any static, non-private, non-final, nested classes annotated with @Configuration.
22:02:27.929 [main] INFO org.springframework.boot.test.context.SpringBootTestContextBootstrapper -- Found @SpringBootConfiguration com.example.EurekaServerApplication for test class com.example.EurekaServerApplicationTest

  .   ____          _            __ _ _
 /\\ / ___'_ __ _ _(_)_ __  __ _ \ \ \ \
( ( )\___ | '_ | '_| | '_ \/ _` | \ \ \ \
 \\/  ___)| |_)| | | | | || (_| |  ) ) ) )
  '  |____| .__|_| |_|_| |_\__, | / / / /
 =========|_|==============|___/=/_/_/_/
 :: Spring Boot ::                (v3.1.5)

2026-04-08T22:02:28.442-03:00  INFO 27436 --- [           main] c.example.EurekaServerApplicationTest    : Starting EurekaServerApplicationTest using Java 22.0.2 with PID 27436 (started by jvtot in C:\Users\jvtot\OneDrive\Área de Trabalho\Nova pasta\eureka-server)
2026-04-08T22:02:28.444-03:00  INFO 27436 --- [           main] c.example.EurekaServerApplicationTest    : No active profile set, falling back to 1 default profile: "default"
2026-04-08T22:02:29.403-03:00  INFO 27436 --- [           main] o.s.cloud.context.scope.GenericScope     : BeanFactory id=658a9fa3-cab4-34cc-bb80-c31143560392
2026-04-08T22:02:30.618-03:00  WARN 27436 --- [           main] iguration$LoadBalancerCaffeineWarnLogger : Spring Cloud LoadBalancer is currently working with the default cache. While this cache implementation is useful for development and tests, it's recommended to use Caffeine cache in production.You can switch to using Caffeine cache, by adding it and org.springframework.cache.caffeine.CaffeineCacheManager to the classpath.
2026-04-08T22:02:30.794-03:00  INFO 27436 --- [           main] o.s.c.n.eureka.InstanceInfoFactory       : Setting initial instance status as: STARTING
2026-04-08T22:02:30.814-03:00  INFO 27436 --- [           main] com.netflix.discovery.DiscoveryClient    : Initializing Eureka in region us-east-1
2026-04-08T22:02:30.816-03:00  INFO 27436 --- [           main] com.netflix.discovery.DiscoveryClient    : Client configured to neither register nor query for data.
2026-04-08T22:02:30.820-03:00  INFO 27436 --- [           main] com.netflix.discovery.DiscoveryClient    : Discovery Client initialized at timestamp 1775696550820 with initial instances count: 0
2026-04-08T22:02:30.867-03:00  INFO 27436 --- [           main] c.n.eureka.DefaultEurekaServerContext    : Initializing ...
2026-04-08T22:02:30.869-03:00  INFO 27436 --- [           main] c.n.eureka.cluster.PeerEurekaNodes       : Adding new peer nodes [http://localhost:8761/eureka/]
2026-04-08T22:02:31.064-03:00  INFO 27436 --- [           main] c.n.d.provider.DiscoveryJerseyProvider   : Using JSON encoding codec LegacyJacksonJson
2026-04-08T22:02:31.065-03:00  INFO 27436 --- [           main] c.n.d.provider.DiscoveryJerseyProvider   : Using JSON decoding codec LegacyJacksonJson
2026-04-08T22:02:31.065-03:00  INFO 27436 --- [           main] c.n.d.provider.DiscoveryJerseyProvider   : Using XML encoding codec XStreamXml
2026-04-08T22:02:31.065-03:00  INFO 27436 --- [           main] c.n.d.provider.DiscoveryJerseyProvider   : Using XML decoding codec XStreamXml
2026-04-08T22:02:31.196-03:00  INFO 27436 --- [           main] c.n.eureka.cluster.PeerEurekaNodes       : Replica node URL:  http://localhost:8761/eureka/
2026-04-08T22:02:31.201-03:00  INFO 27436 --- [           main] c.n.e.registry.AbstractInstanceRegistry  : Finished initializing remote region registries. All known remote regions: []
2026-04-08T22:02:31.202-03:00  INFO 27436 --- [           main] c.n.eureka.DefaultEurekaServerContext    : Initialized
2026-04-08T22:02:31.358-03:00  INFO 27436 --- [           main] o.s.b.a.e.web.EndpointLinksResolver      : Exposing 1 endpoint(s) beneath base path '/actuator'
2026-04-08T22:02:31.409-03:00  INFO 27436 --- [           main] o.s.c.n.e.s.EurekaServiceRegistry        : Registering application EUREKA-SERVER with eureka with status UP
2026-04-08T22:02:31.427-03:00  INFO 27436 --- [           main] c.example.EurekaServerApplicationTest    : Started EurekaServerApplicationTest in 3.377 seconds (process running for 4.209)
2026-04-08T22:02:31.431-03:00  INFO 27436 --- [      Thread-10] o.s.c.n.e.server.EurekaServerBootstrap   : isAws returned false
2026-04-08T22:02:31.432-03:00  INFO 27436 --- [      Thread-10] o.s.c.n.e.server.EurekaServerBootstrap   : Initialized server context
2026-04-08T22:02:31.432-03:00  INFO 27436 --- [      Thread-10] c.n.e.r.PeerAwareInstanceRegistryImpl    : Got 1 instances from neighboring DS node
2026-04-08T22:02:31.432-03:00  INFO 27436 --- [      Thread-10] c.n.e.r.PeerAwareInstanceRegistryImpl    : Renew threshold is: 1
2026-04-08T22:02:31.433-03:00  INFO 27436 --- [      Thread-10] c.n.e.r.PeerAwareInstanceRegistryImpl    : Changing status to UP
2026-04-08T22:02:31.447-03:00  INFO 27436 --- [      Thread-10] e.s.EurekaServerInitializerConfiguration : Started Eureka Server
]]></system-out>
    <system-err><![CDATA[WARNING: A Java agent has been loaded dynamically (C:\Users\jvtot\.m2\repository\net\bytebuddy\byte-buddy-agent\1.14.9\byte-buddy-agent-1.14.9.jar)
WARNING: If a serviceability tool is in use, please run with -XX:+EnableDynamicAgentLoading to hide this warning
WARNING: If a serviceability tool is not in use, please run with -Djdk.instrument.traceUsage for more information
WARNING: Dynamic loading of agents will be disallowed by default in a future release
]]></system-err>
  </testcase>
</testsuite>