<?xml version="1.0" encoding="UTF-8"?>
<testsuite xmlns:xsi="http://www.w3.org/2001/XMLSchema-instance" xsi:noNamespaceSchemaLocation="https://maven.apache.org/surefire/maven-surefire-plugin/xsd/surefire-test-report-3.0.xsd" version="3.0" name="com.example.ServiceBPrometheusTest" time="1.179" tests="1" errors="0" skipped="0" failures="0">
  <properties>
[...]
</properties>
  <testcase name="healthEndpointIsExposed" classname="com.example.ServiceBPrometheusTest" time="0.311">
    <system-out><![CDATA[2026-04-08T22:02:44.686-03:00  INFO 16172 --- [           main] t.c.s.AnnotationConfigContextLoaderUtils : Could not detect default configuration classes for test class [com.example.ServiceBPrometheusTest]: ServiceBPrometheusTest does not declare any static, non-private, non-final, nested classes annotated with @Configuration.
2026-04-08T22:02:44.687-03:00  INFO 16172 --- [           main] .b.t.c.SpringBootTestContextBootstrapper : Found @SpringBootConfiguration com.example.ServiceBApplication for test class com.example.ServiceBPrometheusTest

  .   ____          _            __ _ _
 /\\ / ___'_ __ _ _(_)_ __  __ _ \ \ \ \
( ( )\___ | '_ | '_| | '_ \/ _` | \ \ \ \
 \\/  ___)| |_)| | | | | || (_| |  ) ) ) )
  '  |____| .__|_| |_|_| |_\__, | / / / /
 =========|_|==============|___/=/_/_/_/
 :: Spring Boot ::                (v3.1.5)

2026-04-08T22:02:44.727-03:00  INFO 16172 --- [           main] com.example.ServiceBPrometheusTest       : Starting ServiceBPrometheusTest using Java 22.0.2 with PID 16172 (started by jvtot in C:\Users\jvtot\OneDrive\Área de Trabalho\Nova pasta\service-b)
2026-04-08T22:02:44.727-03:00  INFO 16172 --- [           main] com.example.ServiceBPrometheusTest       : No active profile set, falling back to 1 default profile: "default"
2026-04-08T22:02:44.940-03:00  INFO 16172 --- [           main] o.s.cloud.context.scope.GenericScope     : BeanFactory id=709ec62a-c819-33de-85c9-c40c9af864a7
2026-04-08T22:02:45.111-03:00  INFO 16172 --- [           main] o.s.b.w.embedded.tomcat.TomcatWebServer  : Tomcat initialized with port(s): 0 (http)
2026-04-08T22:02:45.121-03:00  INFO 16172 --- [           main] o.apache.catalina.core.StandardService   : Starting service [Tomcat]
2026-04-08T22:02:45.121-03:00  INFO 16172 --- [           main] o.apache.catalina.core.StandardEngine    : Starting Servlet engine: [Apache Tomcat/10.1.15]
2026-04-08T22:02:45.205-03:00  INFO 16172 --- [           main] o.a.c.c.C.[Tomcat].[localhost].[/]       : Initializing Spring embedded WebApplicationContext
2026-04-08T22:02:45.206-03:00  INFO 16172 --- [           main] w.s.c.ServletWebServerApplicationContext : Root WebApplicationContext: initialization completed in 477 ms
2026-04-08T22:02:45.354-03:00  INFO 16172 --- [           main] DiscoveryClientOptionalArgsConfiguration : Eureka HTTP Client uses RestTemplate.
2026-04-08T22:02:45.359-03:00  INFO 16172 --- [           main] o.s.b.a.e.web.EndpointLinksResolver      : Exposing 1 endpoint(s) beneath base path '/actuator'
2026-04-08T22:02:45.540-03:00  INFO 16172 --- [           main] o.s.b.w.embedded.tomcat.TomcatWebServer  : Tomcat started on port(s): 59401 (http) with context path ''
2026-04-08T22:02:45.547-03:00  INFO 16172 --- [           main] com.example.ServiceBPrometheusTest       : Started ServiceBPrometheusTest in 0.856 seconds (process running for 4.716)
2026-04-08T22:02:45.661-03:00  INFO 16172 --- [o-auto-1-exec-1] o.a.c.c.C.[Tomcat].[localhost].[/]       : Initializing Spring DispatcherServlet 'dispatcherServlet'
2026-04-08T22:02:45.661-03:00  INFO 16172 --- [o-auto-1-exec-1] o.s.web.servlet.DispatcherServlet        : Initializing Servlet 'dispatcherServlet'
2026-04-08T22:02:45.662-03:00  INFO 16172 --- [o-auto-1-exec-1] o.s.web.servlet.DispatcherServlet        : Completed initialization in 1 ms
]]></system-out>
  </testcase>
</testsuite>